2025-11-09T11:32:32.755+02:00  INFO 9252 --- [Blog-Management] [main] o.e.b.BlogManagementApplication          : Starting BlogManagementApplication using Java 23.0.2 with PID 9252 (C:\Users\user\Desktop\SpringBoot\Blog-Management\target\classes started by user in C:\Users\user\Desktop\SpringBoot\Blog-Management)
2025-11-09T11:32:32.760+02:00 DEBUG 9252 --- [Blog-Management] [main] o.e.b.BlogManagementApplication          : Running with Spring Boot v3.5.7, Spring v6.2.12
2025-11-09T11:32:32.760+02:00  INFO 9252 --- [Blog-Management] [main] o.e.b.BlogManagementApplication          : No active profile set, falling back to 1 default profile: "default"
2025-11-09T11:32:33.827+02:00  INFO 9252 --- [Blog-Management] [main] .s.d.r.c.RepositoryConfigurationDelegate : Multiple Spring Data modules found, entering strict repository configuration mode
2025-11-09T11:32:33.829+02:00  INFO 9252 --- [Blog-Management] [main] .s.d.r.c.RepositoryConfigurationDelegate : Bootstrapping Spring Data JPA repositories in DEFAULT mode.
2025-11-09T11:32:33.864+02:00  INFO 9252 --- [Blog-Management] [main] .RepositoryConfigurationExtensionSupport : Spring Data JPA - Could not safely identify store assignment for repository candidate interface org.example.blogmanagement.Repository.CommentRepository; If you want this repository to be a JPA repository, consider annotating your entities with one of these annotations: jakarta.persistence.Entity, jakarta.persistence.MappedSuperclass (preferred), or consider extending one of the following types with your repository: org.springframework.data.jpa.repository.JpaRepository
2025-11-09T11:32:33.866+02:00  INFO 9252 --- [Blog-Management] [main] .RepositoryConfigurationExtensionSupport : Spring Data JPA - Could not safely identify store assignment for repository candidate interface org.example.blogmanagement.Repository.PostRepository; If you want this repository to be a JPA repository, consider annotating your entities with one of these annotations: jakarta.persistence.Entity, jakarta.persistence.MappedSuperclass (preferred), or consider extending one of the following types with your repository: org.springframework.data.jpa.repository.JpaRepository
2025-11-09T11:32:33.885+02:00  INFO 9252 --- [Blog-Management] [main] .s.d.r.c.RepositoryConfigurationDelegate : Finished Spring Data repository scanning in 47 ms. Found 1 JPA repository interface.
2025-11-09T11:32:33.893+02:00  INFO 9252 --- [Blog-Management] [main] .s.d.r.c.RepositoryConfigurationDelegate : Multiple Spring Data modules found, entering strict repository configuration mode
2025-11-09T11:32:33.893+02:00  INFO 9252 --- [Blog-Management] [main] .s.d.r.c.RepositoryConfigurationDelegate : Bootstrapping Spring Data MongoDB repositories in DEFAULT mode.
2025-11-09T11:32:33.904+02:00  INFO 9252 --- [Blog-Management] [main] .RepositoryConfigurationExtensionSupport : Spring Data MongoDB - Could not safely identify store assignment for repository candidate interface org.example.blogmanagement.Repository.UserRepository; If you want this repository to be a MongoDB repository, consider annotating your entities with one of these annotations: org.springframework.data.mongodb.core.mapping.Document (preferred), or consider extending one of the following types with your repository: org.springframework.data.mongodb.repository.MongoRepository
2025-11-09T11:32:33.910+02:00  INFO 9252 --- [Blog-Management] [main] .s.d.r.c.RepositoryConfigurationDelegate : Finished Spring Data repository scanning in 11 ms. Found 2 MongoDB repository interfaces.
2025-11-09T11:32:34.387+02:00  INFO 9252 --- [Blog-Management] [main] o.s.b.w.embedded.tomcat.TomcatWebServer  : Tomcat initialized with port 8082 (http)
2025-11-09T11:32:34.406+02:00  INFO 9252 --- [Blog-Management] [main] o.apache.catalina.core.StandardService   : Starting service [Tomcat]
2025-11-09T11:32:34.407+02:00  INFO 9252 --- [Blog-Management] [main] o.apache.catalina.core.StandardEngine    : Starting Servlet engine: [Apache Tomcat/10.1.48]
2025-11-09T11:32:34.495+02:00  INFO 9252 --- [Blog-Management] [main] o.a.c.c.C.[Tomcat].[localhost].[/]       : Initializing Spring embedded WebApplicationContext
2025-11-09T11:32:34.496+02:00  INFO 9252 --- [Blog-Management] [main] w.s.c.ServletWebServerApplicationContext : Root WebApplicationContext: initialization completed in 1681 ms
2025-11-09T11:32:34.766+02:00  INFO 9252 --- [Blog-Management] [main] o.hibernate.jpa.internal.util.LogHelper  : HHH000204: Processing PersistenceUnitInfo [name: default]
2025-11-09T11:32:34.819+02:00  INFO 9252 --- [Blog-Management] [main] org.hibernate.Version                    : HHH000412: Hibernate ORM core version 6.6.33.Final
2025-11-09T11:32:34.865+02:00  INFO 9252 --- [Blog-Management] [main] o.h.c.internal.RegionFactoryInitiator    : HHH000026: Second-level cache disabled
2025-11-09T11:32:35.165+02:00  INFO 9252 --- [Blog-Management] [main] o.s.o.j.p.SpringPersistenceUnitInfo      : No LoadTimeWeaver setup: ignoring JPA class transformer
2025-11-09T11:32:35.191+02:00  INFO 9252 --- [Blog-Management] [main] com.zaxxer.hikari.HikariDataSource       : HikariPool-1 - Starting...
2025-11-09T11:32:35.364+02:00  INFO 9252 --- [Blog-Management] [main] com.zaxxer.hikari.pool.HikariPool        : HikariPool-1 - Added connection org.postgresql.jdbc.PgConnection@637d111d
2025-11-09T11:32:35.366+02:00  INFO 9252 --- [Blog-Management] [main] com.zaxxer.hikari.HikariDataSource       : HikariPool-1 - Start completed.
2025-11-09T11:32:35.452+02:00  INFO 9252 --- [Blog-Management] [main] org.hibernate.orm.connections.pooling    : HHH10001005: Database info:
	Database JDBC URL [Connecting through datasource 'HikariDataSource (HikariPool-1)']
	Database driver: undefined/unknown
	Database version: 17.5
	Autocommit mode: undefined/unknown
	Isolation level: undefined/unknown
	Minimum pool size: undefined/unknown
	Maximum pool size: undefined/unknown
2025-11-09T11:32:36.230+02:00  INFO 9252 --- [Blog-Management] [main] o.h.e.t.j.p.i.JtaPlatformInitiator       : HHH000489: No JTA platform available (set 'hibernate.transaction.jta.platform' to enable JTA platform integration)
2025-11-09T11:32:36.326+02:00  INFO 9252 --- [Blog-Management] [main] j.LocalContainerEntityManagerFactoryBean : Initialized JPA EntityManagerFactory for persistence unit 'default'
2025-11-09T11:32:36.614+02:00 DEBUG 9252 --- [Blog-Management] [main] o.e.b.Jwt.JwtAuthenticationFilter        : Filter 'jwtAuthenticationFilter' configured for use
2025-11-09T11:32:36.663+02:00  INFO 9252 --- [Blog-Management] [main] r$InitializeUserDetailsManagerConfigurer : Global AuthenticationManager configured with UserDetailsService bean with name customUserDetailsService
2025-11-09T11:32:36.829+02:00  INFO 9252 --- [Blog-Management] [main] org.mongodb.driver.client                : MongoClient with metadata {"driver": {"name": "mongo-java-driver|sync|spring-boot", "version": "5.5.2"}, "os": {"type": "Windows", "name": "Windows 11", "architecture": "amd64", "version": "10.0"}, "platform": "Java/Oracle Corporation/23.0.2+7-58"} created with settings MongoClientSettings{readPreference=primary, writeConcern=WriteConcern{w=null, wTimeout=null ms, journal=null}, retryWrites=true, retryReads=true, readConcern=ReadConcern{level=null}, credential=null, transportSettings=null, commandListeners=[io.micrometer.core.instrument.binder.mongodb.MongoMetricsCommandListener@475753dd], codecRegistry=ProvidersCodecRegistry{codecProviders=[ValueCodecProvider{}, BsonValueCodecProvider{}, DBRefCodecProvider{}, DBObjectCodecProvider{}, DocumentCodecProvider{}, CollectionCodecProvider{}, IterableCodecProvider{}, MapCodecProvider{}, GeoJsonCodecProvider{}, GridFSFileCodecProvider{}, Jsr310CodecProvider{}, JsonObjectCodecProvider{}, BsonCodecProvider{}, EnumCodecProvider{}, com.mongodb.client.model.mql.ExpressionCodecProvider@72cf159f, com.mongodb.Jep395RecordCodecProvider@54af9cce, com.mongodb.KotlinCodecProvider@683218c8]}, loggerSettings=LoggerSettings{maxDocumentLength=1000}, clusterSettings={hosts=[localhost:27017], srvServiceName=mongodb, mode=SINGLE, requiredClusterType=UNKNOWN, requiredReplicaSetName='null', serverSelector='null', clusterListeners='[]', serverSelectionTimeout='30000 ms', localThreshold='15 ms'}, socketSettings=SocketSettings{connectTimeoutMS=10000, readTimeoutMS=0, receiveBufferSize=0, proxySettings=ProxySettings{host=null, port=null, username=null, password=null}}, heartbeatSocketSettings=SocketSettings{connectTimeoutMS=10000, readTimeoutMS=10000, receiveBufferSize=0, proxySettings=ProxySettings{host=null, port=null, username=null, password=null}}, connectionPoolSettings=ConnectionPoolSettings{maxSize=100, minSize=0, maxWaitTimeMS=120000, maxConnectionLifeTimeMS=0, maxConnectionIdleTimeMS=0, maintenanceInitialDelayMS=0, maintenanceFrequencyMS=60000, connectionPoolListeners=[io.micrometer.core.instrument.binder.mongodb.MongoMetricsConnectionPoolListener@4cce889e], maxConnecting=2}, serverSettings=ServerSettings{heartbeatFrequencyMS=10000, minHeartbeatFrequencyMS=500, serverMonitoringMode=AUTO, serverListeners='[]', serverMonitorListeners='[]'}, sslSettings=SslSettings{enabled=false, invalidHostNameAllowed=false, context=null}, applicationName='null', compressorList=[], uuidRepresentation=JAVA_LEGACY, serverApi=null, autoEncryptionSettings=null, dnsClient=null, inetAddressResolver=null, contextProvider=null, timeoutMS=null}
2025-11-09T11:32:36.847+02:00  INFO 9252 --- [Blog-Management] [cluster-ClusterId{value='69105fb4ac15b35c9aa6a087', description='null'}-localhost:27017] org.mongodb.driver.cluster               : Monitor thread successfully connected to server with description ServerDescription{address=localhost:27017, type=STANDALONE, cryptd=false, state=CONNECTED, ok=true, minWireVersion=0, maxWireVersion=21, maxDocumentSize=16777216, logicalSessionTimeoutMinutes=30, roundTripTimeNanos=29962800, minRoundTripTimeNanos=0}
2025-11-09T11:32:37.131+02:00  WARN 9252 --- [Blog-Management] [main] JpaBaseConfiguration$JpaWebConfiguration : spring.jpa.open-in-view is enabled by default. Therefore, database queries may be performed during view rendering. Explicitly configure spring.jpa.open-in-view to disable this warning
2025-11-09T11:32:37.483+02:00  INFO 9252 --- [Blog-Management] [main] o.s.b.a.e.web.EndpointLinksResolver      : Exposing 7 endpoints beneath base path '/actuator'
2025-11-09T11:32:37.857+02:00  INFO 9252 --- [Blog-Management] [main] o.s.b.w.embedded.tomcat.TomcatWebServer  : Tomcat started on port 8082 (http) with context path '/'
2025-11-09T11:32:37.866+02:00  INFO 9252 --- [Blog-Management] [main] o.e.b.BlogManagementApplication          : Started BlogManagementApplication in 5.651 seconds (process running for 6.492)
2025-11-09T11:32:38.487+02:00  INFO 9252 --- [Blog-Management] [RMI TCP Connection(2)-192.168.1.71] o.a.c.c.C.[Tomcat].[localhost].[/]       : Initializing Spring DispatcherServlet 'dispatcherServlet'
2025-11-09T11:32:38.487+02:00  INFO 9252 --- [Blog-Management] [RMI TCP Connection(2)-192.168.1.71] o.s.web.servlet.DispatcherServlet        : Initializing Servlet 'dispatcherServlet'
2025-11-09T11:32:38.489+02:00  INFO 9252 --- [Blog-Management] [RMI TCP Connection(2)-192.168.1.71] o.s.web.servlet.DispatcherServlet        : Completed initialization in 2 ms
2025-11-09T11:48:04.290+02:00  INFO 9252 --- [Blog-Management] [SpringApplicationShutdownHook] o.s.b.w.e.tomcat.GracefulShutdown        : Commencing graceful shutdown. Waiting for active requests to complete
2025-11-09T11:48:04.296+02:00  INFO 9252 --- [Blog-Management] [tomcat-shutdown] o.s.b.w.e.tomcat.GracefulShutdown        : Graceful shutdown complete
2025-11-09T11:48:04.304+02:00  INFO 9252 --- [Blog-Management] [SpringApplicationShutdownHook] j.LocalContainerEntityManagerFactoryBean : Closing JPA EntityManagerFactory for persistence unit 'default'
2025-11-09T11:48:04.307+02:00  INFO 9252 --- [Blog-Management] [SpringApplicationShutdownHook] com.zaxxer.hikari.HikariDataSource       : HikariPool-1 - Shutdown initiated...
2025-11-09T11:48:04.309+02:00  INFO 9252 --- [Blog-Management] [SpringApplicationShutdownHook] com.zaxxer.hikari.HikariDataSource       : HikariPool-1 - Shutdown completed.
2025-11-09T11:48:08.347+02:00  INFO 5840 --- [Blog-Management] [main] o.e.b.BlogManagementApplication          : Starting BlogManagementApplication using Java 23.0.2 with PID 5840 (C:\Users\user\Desktop\SpringBoot\Blog-Management\target\classes started by user in C:\Users\user\Desktop\SpringBoot\Blog-Management)
2025-11-09T11:48:08.348+02:00 DEBUG 5840 --- [Blog-Management] [main] o.e.b.BlogManagementApplication          : Running with Spring Boot v3.5.7, Spring v6.2.12
2025-11-09T11:48:08.349+02:00  INFO 5840 --- [Blog-Management] [main] o.e.b.BlogManagementApplication          : No active profile set, falling back to 1 default profile: "default"
2025-11-09T11:48:09.179+02:00  INFO 5840 --- [Blog-Management] [main] .s.d.r.c.RepositoryConfigurationDelegate : Multiple Spring Data modules found, entering strict repository configuration mode
2025-11-09T11:48:09.180+02:00  INFO 5840 --- [Blog-Management] [main] .s.d.r.c.RepositoryConfigurationDelegate : Bootstrapping Spring Data JPA repositories in DEFAULT mode.
2025-11-09T11:48:09.205+02:00  INFO 5840 --- [Blog-Management] [main] .RepositoryConfigurationExtensionSupport : Spring Data JPA - Could not safely identify store assignment for repository candidate interface org.example.blogmanagement.Repository.CommentRepository; If you want this repository to be a JPA repository, consider annotating your entities with one of these annotations: jakarta.persistence.Entity, jakarta.persistence.MappedSuperclass (preferred), or consider extending one of the following types with your repository: org.springframework.data.jpa.repository.JpaRepository
2025-11-09T11:48:09.206+02:00  INFO 5840 --- [Blog-Management] [main] .RepositoryConfigurationExtensionSupport : Spring Data JPA - Could not safely identify store assignment for repository candidate interface org.example.blogmanagement.Repository.PostRepository; If you want this repository to be a JPA repository, consider annotating your entities with one of these annotations: jakarta.persistence.Entity, jakarta.persistence.MappedSuperclass (preferred), or consider extending one of the following types with your repository: org.springframework.data.jpa.repository.JpaRepository
2025-11-09T11:48:09.223+02:00  INFO 5840 --- [Blog-Management] [main] .s.d.r.c.RepositoryConfigurationDelegate : Finished Spring Data repository scanning in 37 ms. Found 1 JPA repository interface.
2025-11-09T11:48:09.229+02:00  INFO 5840 --- [Blog-Management] [main] .s.d.r.c.RepositoryConfigurationDelegate : Multiple Spring Data modules found, entering strict repository configuration mode
2025-11-09T11:48:09.230+02:00  INFO 5840 --- [Blog-Management] [main] .s.d.r.c.RepositoryConfigurationDelegate : Bootstrapping Spring Data MongoDB repositories in DEFAULT mode.
2025-11-09T11:48:09.237+02:00  INFO 5840 --- [Blog-Management] [main] .RepositoryConfigurationExtensionSupport : Spring Data MongoDB - Could not safely identify store assignment for repository candidate interface org.example.blogmanagement.Repository.UserRepository; If you want this repository to be a MongoDB repository, consider annotating your entities with one of these annotations: org.springframework.data.mongodb.core.mapping.Document (preferred), or consider extending one of the following types with your repository: org.springframework.data.mongodb.repository.MongoRepository
2025-11-09T11:48:09.242+02:00  INFO 5840 --- [Blog-Management] [main] .s.d.r.c.RepositoryConfigurationDelegate : Finished Spring Data repository scanning in 11 ms. Found 2 MongoDB repository interfaces.
2025-11-09T11:48:09.608+02:00  INFO 5840 --- [Blog-Management] [main] o.s.b.w.embedded.tomcat.TomcatWebServer  : Tomcat initialized with port 8082 (http)
2025-11-09T11:48:09.619+02:00  INFO 5840 --- [Blog-Management] [main] o.apache.catalina.core.StandardService   : Starting service [Tomcat]
2025-11-09T11:48:09.619+02:00  INFO 5840 --- [Blog-Management] [main] o.apache.catalina.core.StandardEngine    : Starting Servlet engine: [Apache Tomcat/10.1.48]
2025-11-09T11:48:09.663+02:00  INFO 5840 --- [Blog-Management] [main] o.a.c.c.C.[Tomcat].[localhost].[/]       : Initializing Spring embedded WebApplicationContext
2025-11-09T11:48:09.663+02:00  INFO 5840 --- [Blog-Management] [main] w.s.c.ServletWebServerApplicationContext : Root WebApplicationContext: initialization completed in 1272 ms
2025-11-09T11:48:09.831+02:00  INFO 5840 --- [Blog-Management] [main] o.hibernate.jpa.internal.util.LogHelper  : HHH000204: Processing PersistenceUnitInfo [name: default]
2025-11-09T11:48:09.865+02:00  INFO 5840 --- [Blog-Management] [main] org.hibernate.Version                    : HHH000412: Hibernate ORM core version 6.6.33.Final
2025-11-09T11:48:09.888+02:00  INFO 5840 --- [Blog-Management] [main] o.h.c.internal.RegionFactoryInitiator    : HHH000026: Second-level cache disabled
2025-11-09T11:48:10.120+02:00  INFO 5840 --- [Blog-Management] [main] o.s.o.j.p.SpringPersistenceUnitInfo      : No LoadTimeWeaver setup: ignoring JPA class transformer
2025-11-09T11:48:10.167+02:00  INFO 5840 --- [Blog-Management] [main] com.zaxxer.hikari.HikariDataSource       : HikariPool-1 - Starting...
2025-11-09T11:48:10.301+02:00  INFO 5840 --- [Blog-Management] [main] com.zaxxer.hikari.pool.HikariPool        : HikariPool-1 - Added connection org.postgresql.jdbc.PgConnection@7d82ca56
2025-11-09T11:48:10.302+02:00  INFO 5840 --- [Blog-Management] [main] com.zaxxer.hikari.HikariDataSource       : HikariPool-1 - Start completed.
2025-11-09T11:48:10.351+02:00  INFO 5840 --- [Blog-Management] [main] org.hibernate.orm.connections.pooling    : HHH10001005: Database info:
	Database JDBC URL [Connecting through datasource 'HikariDataSource (HikariPool-1)']
	Database driver: undefined/unknown
	Database version: 17.5
	Autocommit mode: undefined/unknown
	Isolation level: undefined/unknown
	Minimum pool size: undefined/unknown
	Maximum pool size: undefined/unknown
2025-11-09T11:48:11.009+02:00  INFO 5840 --- [Blog-Management] [main] o.h.e.t.j.p.i.JtaPlatformInitiator       : HHH000489: No JTA platform available (set 'hibernate.transaction.jta.platform' to enable JTA platform integration)
2025-11-09T11:48:11.062+02:00  INFO 5840 --- [Blog-Management] [main] j.LocalContainerEntityManagerFactoryBean : Initialized JPA EntityManagerFactory for persistence unit 'default'
2025-11-09T11:48:11.282+02:00 DEBUG 5840 --- [Blog-Management] [main] o.e.b.Jwt.JwtAuthenticationFilter        : Filter 'jwtAuthenticationFilter' configured for use
2025-11-09T11:48:11.323+02:00  INFO 5840 --- [Blog-Management] [main] r$InitializeUserDetailsManagerConfigurer : Global AuthenticationManager configured with UserDetailsService bean with name customUserDetailsService
2025-11-09T11:48:11.445+02:00  INFO 5840 --- [Blog-Management] [main] org.mongodb.driver.client                : MongoClient with metadata {"driver": {"name": "mongo-java-driver|sync|spring-boot", "version": "5.5.2"}, "os": {"type": "Windows", "name": "Windows 11", "architecture": "amd64", "version": "10.0"}, "platform": "Java/Oracle Corporation/23.0.2+7-58"} created with settings MongoClientSettings{readPreference=primary, writeConcern=WriteConcern{w=null, wTimeout=null ms, journal=null}, retryWrites=true, retryReads=true, readConcern=ReadConcern{level=null}, credential=null, transportSettings=null, commandListeners=[io.micrometer.core.instrument.binder.mongodb.MongoMetricsCommandListener@1f832df0], codecRegistry=ProvidersCodecRegistry{codecProviders=[ValueCodecProvider{}, BsonValueCodecProvider{}, DBRefCodecProvider{}, DBObjectCodecProvider{}, DocumentCodecProvider{}, CollectionCodecProvider{}, IterableCodecProvider{}, MapCodecProvider{}, GeoJsonCodecProvider{}, GridFSFileCodecProvider{}, Jsr310CodecProvider{}, JsonObjectCodecProvider{}, BsonCodecProvider{}, EnumCodecProvider{}, com.mongodb.client.model.mql.ExpressionCodecProvider@33c5e52f, com.mongodb.Jep395RecordCodecProvider@74474fc0, com.mongodb.KotlinCodecProvider@7cd239f6]}, loggerSettings=LoggerSettings{maxDocumentLength=1000}, clusterSettings={hosts=[localhost:27017], srvServiceName=mongodb, mode=SINGLE, requiredClusterType=UNKNOWN, requiredReplicaSetName='null', serverSelector='null', clusterListeners='[]', serverSelectionTimeout='30000 ms', localThreshold='15 ms'}, socketSettings=SocketSettings{connectTimeoutMS=10000, readTimeoutMS=0, receiveBufferSize=0, proxySettings=ProxySettings{host=null, port=null, username=null, password=null}}, heartbeatSocketSettings=SocketSettings{connectTimeoutMS=10000, readTimeoutMS=10000, receiveBufferSize=0, proxySettings=ProxySettings{host=null, port=null, username=null, password=null}}, connectionPoolSettings=ConnectionPoolSettings{maxSize=100, minSize=0, maxWaitTimeMS=120000, maxConnectionLifeTimeMS=0, maxConnectionIdleTimeMS=0, maintenanceInitialDelayMS=0, maintenanceFrequencyMS=60000, connectionPoolListeners=[io.micrometer.core.instrument.binder.mongodb.MongoMetricsConnectionPoolListener@693c7741], maxConnecting=2}, serverSettings=ServerSettings{heartbeatFrequencyMS=10000, minHeartbeatFrequencyMS=500, serverMonitoringMode=AUTO, serverListeners='[]', serverMonitorListeners='[]'}, sslSettings=SslSettings{enabled=false, invalidHostNameAllowed=false, context=null}, applicationName='null', compressorList=[], uuidRepresentation=JAVA_LEGACY, serverApi=null, autoEncryptionSettings=null, dnsClient=null, inetAddressResolver=null, contextProvider=null, timeoutMS=null}
2025-11-09T11:48:11.454+02:00  INFO 5840 --- [Blog-Management] [cluster-ClusterId{value='6910635bfbc515a01ab11ba6', description='null'}-localhost:27017] org.mongodb.driver.cluster               : Monitor thread successfully connected to server with description ServerDescription{address=localhost:27017, type=STANDALONE, cryptd=false, state=CONNECTED, ok=true, minWireVersion=0, maxWireVersion=21, maxDocumentSize=16777216, logicalSessionTimeoutMinutes=30, roundTripTimeNanos=17060000, minRoundTripTimeNanos=0}
2025-11-09T11:48:11.754+02:00  WARN 5840 --- [Blog-Management] [main] JpaBaseConfiguration$JpaWebConfiguration : spring.jpa.open-in-view is enabled by default. Therefore, database queries may be performed during view rendering. Explicitly configure spring.jpa.open-in-view to disable this warning
2025-11-09T11:48:12.070+02:00  INFO 5840 --- [Blog-Management] [main] o.s.b.a.e.web.EndpointLinksResolver      : Exposing 7 endpoints beneath base path '/actuator'
2025-11-09T11:48:12.425+02:00  INFO 5840 --- [Blog-Management] [main] o.s.b.w.embedded.tomcat.TomcatWebServer  : Tomcat started on port 8082 (http) with context path '/'
2025-11-09T11:48:12.433+02:00  INFO 5840 --- [Blog-Management] [main] o.e.b.BlogManagementApplication          : Started BlogManagementApplication in 4.458 seconds (process running for 4.946)
2025-11-09T11:48:12.819+02:00  INFO 5840 --- [Blog-Management] [RMI TCP Connection(3)-192.168.1.71] o.a.c.c.C.[Tomcat].[localhost].[/]       : Initializing Spring DispatcherServlet 'dispatcherServlet'
2025-11-09T11:48:12.819+02:00  INFO 5840 --- [Blog-Management] [RMI TCP Connection(3)-192.168.1.71] o.s.web.servlet.DispatcherServlet        : Initializing Servlet 'dispatcherServlet'
2025-11-09T11:48:12.821+02:00  INFO 5840 --- [Blog-Management] [RMI TCP Connection(3)-192.168.1.71] o.s.web.servlet.DispatcherServlet        : Completed initialization in 2 ms
2025-11-09T12:01:16.054+02:00  INFO 5840 --- [Blog-Management] [SpringApplicationShutdownHook] o.s.b.w.e.tomcat.GracefulShutdown        : Commencing graceful shutdown. Waiting for active requests to complete
2025-11-09T12:01:16.058+02:00  INFO 5840 --- [Blog-Management] [tomcat-shutdown] o.s.b.w.e.tomcat.GracefulShutdown        : Graceful shutdown complete
2025-11-09T12:01:16.067+02:00  INFO 5840 --- [Blog-Management] [SpringApplicationShutdownHook] j.LocalContainerEntityManagerFactoryBean : Closing JPA EntityManagerFactory for persistence unit 'default'
2025-11-09T12:01:16.068+02:00  INFO 5840 --- [Blog-Management] [SpringApplicationShutdownHook] com.zaxxer.hikari.HikariDataSource       : HikariPool-1 - Shutdown initiated...
2025-11-09T12:01:16.070+02:00  INFO 5840 --- [Blog-Management] [SpringApplicationShutdownHook] com.zaxxer.hikari.HikariDataSource       : HikariPool-1 - Shutdown completed.
2025-11-09T12:01:19.159+02:00  INFO 5740 --- [Blog-Management] [main] o.e.b.BlogManagementApplication          : Starting BlogManagementApplication using Java 23.0.2 with PID 5740 (C:\Users\user\Desktop\SpringBoot\Blog-Management\target\classes started by user in C:\Users\user\Desktop\SpringBoot\Blog-Management)
2025-11-09T12:01:19.160+02:00 DEBUG 5740 --- [Blog-Management] [main] o.e.b.BlogManagementApplication          : Running with Spring Boot v3.5.7, Spring v6.2.12
2025-11-09T12:01:19.161+02:00  INFO 5740 --- [Blog-Management] [main] o.e.b.BlogManagementApplication          : No active profile set, falling back to 1 default profile: "default"
2025-11-09T12:01:20.020+02:00  INFO 5740 --- [Blog-Management] [main] .s.d.r.c.RepositoryConfigurationDelegate : Multiple Spring Data modules found, entering strict repository configuration mode
2025-11-09T12:01:20.021+02:00  INFO 5740 --- [Blog-Management] [main] .s.d.r.c.RepositoryConfigurationDelegate : Bootstrapping Spring Data JPA repositories in DEFAULT mode.
2025-11-09T12:01:20.047+02:00  INFO 5740 --- [Blog-Management] [main] .RepositoryConfigurationExtensionSupport : Spring Data JPA - Could not safely identify store assignment for repository candidate interface org.example.blogmanagement.Repository.CommentRepository; If you want this repository to be a JPA repository, consider annotating your entities with one of these annotations: jakarta.persistence.Entity, jakarta.persistence.MappedSuperclass (preferred), or consider extending one of the following types with your repository: org.springframework.data.jpa.repository.JpaRepository
2025-11-09T12:01:20.049+02:00  INFO 5740 --- [Blog-Management] [main] .RepositoryConfigurationExtensionSupport : Spring Data JPA - Could not safely identify store assignment for repository candidate interface org.example.blogmanagement.Repository.PostRepository; If you want this repository to be a JPA repository, consider annotating your entities with one of these annotations: jakarta.persistence.Entity, jakarta.persistence.MappedSuperclass (preferred), or consider extending one of the following types with your repository: org.springframework.data.jpa.repository.JpaRepository
2025-11-09T12:01:20.067+02:00  INFO 5740 --- [Blog-Management] [main] .s.d.r.c.RepositoryConfigurationDelegate : Finished Spring Data repository scanning in 38 ms. Found 1 JPA repository interface.
2025-11-09T12:01:20.073+02:00  INFO 5740 --- [Blog-Management] [main] .s.d.r.c.RepositoryConfigurationDelegate : Multiple Spring Data modules found, entering strict repository configuration mode
2025-11-09T12:01:20.073+02:00  INFO 5740 --- [Blog-Management] [main] .s.d.r.c.RepositoryConfigurationDelegate : Bootstrapping Spring Data MongoDB repositories in DEFAULT mode.
2025-11-09T12:01:20.079+02:00  INFO 5740 --- [Blog-Management] [main] .RepositoryConfigurationExtensionSupport : Spring Data MongoDB - Could not safely identify store assignment for repository candidate interface org.example.blogmanagement.Repository.UserRepository; If you want this repository to be a MongoDB repository, consider annotating your entities with one of these annotations: org.springframework.data.mongodb.core.mapping.Document (preferred), or consider extending one of the following types with your repository: org.springframework.data.mongodb.repository.MongoRepository
2025-11-09T12:01:20.088+02:00  INFO 5740 --- [Blog-Management] [main] .s.d.r.c.RepositoryConfigurationDelegate : Finished Spring Data repository scanning in 14 ms. Found 2 MongoDB repository interfaces.
2025-11-09T12:01:20.485+02:00  INFO 5740 --- [Blog-Management] [main] o.s.b.w.embedded.tomcat.TomcatWebServer  : Tomcat initialized with port 8082 (http)
2025-11-09T12:01:20.495+02:00  INFO 5740 --- [Blog-Management] [main] o.apache.catalina.core.StandardService   : Starting service [Tomcat]
2025-11-09T12:01:20.495+02:00  INFO 5740 --- [Blog-Management] [main] o.apache.catalina.core.StandardEngine    : Starting Servlet engine: [Apache Tomcat/10.1.48]
2025-11-09T12:01:20.536+02:00  INFO 5740 --- [Blog-Management] [main] o.a.c.c.C.[Tomcat].[localhost].[/]       : Initializing Spring embedded WebApplicationContext
2025-11-09T12:01:20.536+02:00  INFO 5740 --- [Blog-Management] [main] w.s.c.ServletWebServerApplicationContext : Root WebApplicationContext: initialization completed in 1329 ms
2025-11-09T12:01:20.701+02:00  INFO 5740 --- [Blog-Management] [main] o.hibernate.jpa.internal.util.LogHelper  : HHH000204: Processing PersistenceUnitInfo [name: default]
2025-11-09T12:01:20.739+02:00  INFO 5740 --- [Blog-Management] [main] org.hibernate.Version                    : HHH000412: Hibernate ORM core version 6.6.33.Final
2025-11-09T12:01:20.761+02:00  INFO 5740 --- [Blog-Management] [main] o.h.c.internal.RegionFactoryInitiator    : HHH000026: Second-level cache disabled
2025-11-09T12:01:20.950+02:00  INFO 5740 --- [Blog-Management] [main] o.s.o.j.p.SpringPersistenceUnitInfo      : No LoadTimeWeaver setup: ignoring JPA class transformer
2025-11-09T12:01:20.969+02:00  INFO 5740 --- [Blog-Management] [main] com.zaxxer.hikari.HikariDataSource       : HikariPool-1 - Starting...
2025-11-09T12:01:21.086+02:00  INFO 5740 --- [Blog-Management] [main] com.zaxxer.hikari.pool.HikariPool        : HikariPool-1 - Added connection org.postgresql.jdbc.PgConnection@5ea0a7a9
2025-11-09T12:01:21.088+02:00  INFO 5740 --- [Blog-Management] [main] com.zaxxer.hikari.HikariDataSource       : HikariPool-1 - Start completed.
2025-11-09T12:01:21.142+02:00  INFO 5740 --- [Blog-Management] [main] org.hibernate.orm.connections.pooling    : HHH10001005: Database info:
	Database JDBC URL [Connecting through datasource 'HikariDataSource (HikariPool-1)']
	Database driver: undefined/unknown
	Database version: 17.5
	Autocommit mode: undefined/unknown
	Isolation level: undefined/unknown
	Minimum pool size: undefined/unknown
	Maximum pool size: undefined/unknown
2025-11-09T12:01:21.842+02:00  INFO 5740 --- [Blog-Management] [main] o.h.e.t.j.p.i.JtaPlatformInitiator       : HHH000489: No JTA platform available (set 'hibernate.transaction.jta.platform' to enable JTA platform integration)
2025-11-09T12:01:21.886+02:00  INFO 5740 --- [Blog-Management] [main] j.LocalContainerEntityManagerFactoryBean : Initialized JPA EntityManagerFactory for persistence unit 'default'
2025-11-09T12:01:22.124+02:00 DEBUG 5740 --- [Blog-Management] [main] o.e.b.Jwt.JwtAuthenticationFilter        : Filter 'jwtAuthenticationFilter' configured for use
2025-11-09T12:01:22.168+02:00  INFO 5740 --- [Blog-Management] [main] r$InitializeUserDetailsManagerConfigurer : Global AuthenticationManager configured with UserDetailsService bean with name customUserDetailsService
2025-11-09T12:01:22.302+02:00  INFO 5740 --- [Blog-Management] [main] org.mongodb.driver.client                : MongoClient with metadata {"driver": {"name": "mongo-java-driver|sync|spring-boot", "version": "5.5.2"}, "os": {"type": "Windows", "name": "Windows 11", "architecture": "amd64", "version": "10.0"}, "platform": "Java/Oracle Corporation/23.0.2+7-58"} created with settings MongoClientSettings{readPreference=primary, writeConcern=WriteConcern{w=null, wTimeout=null ms, journal=null}, retryWrites=true, retryReads=true, readConcern=ReadConcern{level=null}, credential=null, transportSettings=null, commandListeners=[io.micrometer.core.instrument.binder.mongodb.MongoMetricsCommandListener@59b8a801], codecRegistry=ProvidersCodecRegistry{codecProviders=[ValueCodecProvider{}, BsonValueCodecProvider{}, DBRefCodecProvider{}, DBObjectCodecProvider{}, DocumentCodecProvider{}, CollectionCodecProvider{}, IterableCodecProvider{}, MapCodecProvider{}, GeoJsonCodecProvider{}, GridFSFileCodecProvider{}, Jsr310CodecProvider{}, JsonObjectCodecProvider{}, BsonCodecProvider{}, EnumCodecProvider{}, com.mongodb.client.model.mql.ExpressionCodecProvider@598f6c93, com.mongodb.Jep395RecordCodecProvider@65630116, com.mongodb.KotlinCodecProvider@623dc0b8]}, loggerSettings=LoggerSettings{maxDocumentLength=1000}, clusterSettings={hosts=[localhost:27017], srvServiceName=mongodb, mode=SINGLE, requiredClusterType=UNKNOWN, requiredReplicaSetName='null', serverSelector='null', clusterListeners='[]', serverSelectionTimeout='30000 ms', localThreshold='15 ms'}, socketSettings=SocketSettings{connectTimeoutMS=10000, readTimeoutMS=0, receiveBufferSize=0, proxySettings=ProxySettings{host=null, port=null, username=null, password=null}}, heartbeatSocketSettings=SocketSettings{connectTimeoutMS=10000, readTimeoutMS=10000, receiveBufferSize=0, proxySettings=ProxySettings{host=null, port=null, username=null, password=null}}, connectionPoolSettings=ConnectionPoolSettings{maxSize=100, minSize=0, maxWaitTimeMS=120000, maxConnectionLifeTimeMS=0, maxConnectionIdleTimeMS=0, maintenanceInitialDelayMS=0, maintenanceFrequencyMS=60000, connectionPoolListeners=[io.micrometer.core.instrument.binder.mongodb.MongoMetricsConnectionPoolListener@2d2afbdf], maxConnecting=2}, serverSettings=ServerSettings{heartbeatFrequencyMS=10000, minHeartbeatFrequencyMS=500, serverMonitoringMode=AUTO, serverListeners='[]', serverMonitorListeners='[]'}, sslSettings=SslSettings{enabled=false, invalidHostNameAllowed=false, context=null}, applicationName='null', compressorList=[], uuidRepresentation=JAVA_LEGACY, serverApi=null, autoEncryptionSettings=null, dnsClient=null, inetAddressResolver=null, contextProvider=null, timeoutMS=null}
2025-11-09T12:01:22.315+02:00  INFO 5740 --- [Blog-Management] [cluster-ClusterId{value='691066720ce722a869fbd7c9', description='null'}-localhost:27017] org.mongodb.driver.cluster               : Monitor thread successfully connected to server with description ServerDescription{address=localhost:27017, type=STANDALONE, cryptd=false, state=CONNECTED, ok=true, minWireVersion=0, maxWireVersion=21, maxDocumentSize=16777216, logicalSessionTimeoutMinutes=30, roundTripTimeNanos=16828400, minRoundTripTimeNanos=0}
2025-11-09T12:01:22.547+02:00  WARN 5740 --- [Blog-Management] [main] JpaBaseConfiguration$JpaWebConfiguration : spring.jpa.open-in-view is enabled by default. Therefore, database queries may be performed during view rendering. Explicitly configure spring.jpa.open-in-view to disable this warning
2025-11-09T12:01:22.846+02:00  INFO 5740 --- [Blog-Management] [main] o.s.b.a.e.web.EndpointLinksResolver      : Exposing 7 endpoints beneath base path '/actuator'
2025-11-09T12:01:23.192+02:00  INFO 5740 --- [Blog-Management] [main] o.s.b.w.embedded.tomcat.TomcatWebServer  : Tomcat started on port 8082 (http) with context path '/'
2025-11-09T12:01:23.201+02:00  INFO 5740 --- [Blog-Management] [main] o.e.b.BlogManagementApplication          : Started BlogManagementApplication in 4.401 seconds (process running for 5.004)
2025-11-09T12:01:23.501+02:00  INFO 5740 --- [Blog-Management] [RMI TCP Connection(3)-192.168.1.71] o.a.c.c.C.[Tomcat].[localhost].[/]       : Initializing Spring DispatcherServlet 'dispatcherServlet'
2025-11-09T12:01:23.502+02:00  INFO 5740 --- [Blog-Management] [RMI TCP Connection(3)-192.168.1.71] o.s.web.servlet.DispatcherServlet        : Initializing Servlet 'dispatcherServlet'
2025-11-09T12:01:23.503+02:00  INFO 5740 --- [Blog-Management] [RMI TCP Connection(3)-192.168.1.71] o.s.web.servlet.DispatcherServlet        : Completed initialization in 1 ms
2025-11-09T12:01:48.213+02:00  INFO 5740 --- [Blog-Management] [SpringApplicationShutdownHook] o.s.b.w.e.tomcat.GracefulShutdown        : Commencing graceful shutdown. Waiting for active requests to complete
2025-11-09T12:01:48.219+02:00  INFO 5740 --- [Blog-Management] [tomcat-shutdown] o.s.b.w.e.tomcat.GracefulShutdown        : Graceful shutdown complete
2025-11-09T12:01:48.227+02:00  INFO 5740 --- [Blog-Management] [SpringApplicationShutdownHook] j.LocalContainerEntityManagerFactoryBean : Closing JPA EntityManagerFactory for persistence unit 'default'
2025-11-09T12:01:48.229+02:00  INFO 5740 --- [Blog-Management] [SpringApplicationShutdownHook] com.zaxxer.hikari.HikariDataSource       : HikariPool-1 - Shutdown initiated...
2025-11-09T12:01:48.231+02:00  INFO 5740 --- [Blog-Management] [SpringApplicationShutdownHook] com.zaxxer.hikari.HikariDataSource       : HikariPool-1 - Shutdown completed.
2025-11-09T12:01:51.212+02:00  INFO 25528 --- [Blog-Management] [main] o.e.b.BlogManagementApplication          : Starting BlogManagementApplication using Java 23.0.2 with PID 25528 (C:\Users\user\Desktop\SpringBoot\Blog-Management\target\classes started by user in C:\Users\user\Desktop\SpringBoot\Blog-Management)
2025-11-09T12:01:51.214+02:00 DEBUG 25528 --- [Blog-Management] [main] o.e.b.BlogManagementApplication          : Running with Spring Boot v3.5.7, Spring v6.2.12
2025-11-09T12:01:51.215+02:00  INFO 25528 --- [Blog-Management] [main] o.e.b.BlogManagementApplication          : No active profile set, falling back to 1 default profile: "default"
2025-11-09T12:01:52.076+02:00  INFO 25528 --- [Blog-Management] [main] .s.d.r.c.RepositoryConfigurationDelegate : Multiple Spring Data modules found, entering strict repository configuration mode
2025-11-09T12:01:52.077+02:00  INFO 25528 --- [Blog-Management] [main] .s.d.r.c.RepositoryConfigurationDelegate : Bootstrapping Spring Data JPA repositories in DEFAULT mode.
2025-11-09T12:01:52.105+02:00  INFO 25528 --- [Blog-Management] [main] .RepositoryConfigurationExtensionSupport : Spring Data JPA - Could not safely identify store assignment for repository candidate interface org.example.blogmanagement.Repository.CommentRepository; If you want this repository to be a JPA repository, consider annotating your entities with one of these annotations: jakarta.persistence.Entity, jakarta.persistence.MappedSuperclass (preferred), or consider extending one of the following types with your repository: org.springframework.data.jpa.repository.JpaRepository
2025-11-09T12:01:52.108+02:00  INFO 25528 --- [Blog-Management] [main] .RepositoryConfigurationExtensionSupport : Spring Data JPA - Could not safely identify store assignment for repository candidate interface org.example.blogmanagement.Repository.PostRepository; If you want this repository to be a JPA repository, consider annotating your entities with one of these annotations: jakarta.persistence.Entity, jakarta.persistence.MappedSuperclass (preferred), or consider extending one of the following types with your repository: org.springframework.data.jpa.repository.JpaRepository
2025-11-09T12:01:52.128+02:00  INFO 25528 --- [Blog-Management] [main] .s.d.r.c.RepositoryConfigurationDelegate : Finished Spring Data repository scanning in 44 ms. Found 1 JPA repository interface.
2025-11-09T12:01:52.134+02:00  INFO 25528 --- [Blog-Management] [main] .s.d.r.c.RepositoryConfigurationDelegate : Multiple Spring Data modules found, entering strict repository configuration mode
2025-11-09T12:01:52.135+02:00  INFO 25528 --- [Blog-Management] [main] .s.d.r.c.RepositoryConfigurationDelegate : Bootstrapping Spring Data MongoDB repositories in DEFAULT mode.
2025-11-09T12:01:52.141+02:00  INFO 25528 --- [Blog-Management] [main] .RepositoryConfigurationExtensionSupport : Spring Data MongoDB - Could not safely identify store assignment for repository candidate interface org.example.blogmanagement.Repository.UserRepository; If you want this repository to be a MongoDB repository, consider annotating your entities with one of these annotations: org.springframework.data.mongodb.core.mapping.Document (preferred), or consider extending one of the following types with your repository: org.springframework.data.mongodb.repository.MongoRepository
2025-11-09T12:01:52.146+02:00  INFO 25528 --- [Blog-Management] [main] .s.d.r.c.RepositoryConfigurationDelegate : Finished Spring Data repository scanning in 9 ms. Found 2 MongoDB repository interfaces.
2025-11-09T12:01:52.676+02:00  INFO 25528 --- [Blog-Management] [main] o.s.b.w.embedded.tomcat.TomcatWebServer  : Tomcat initialized with port 8082 (http)
2025-11-09T12:01:52.685+02:00  INFO 25528 --- [Blog-Management] [main] o.apache.catalina.core.StandardService   : Starting service [Tomcat]
2025-11-09T12:01:52.685+02:00  INFO 25528 --- [Blog-Management] [main] o.apache.catalina.core.StandardEngine    : Starting Servlet engine: [Apache Tomcat/10.1.48]
2025-11-09T12:01:52.732+02:00  INFO 25528 --- [Blog-Management] [main] o.a.c.c.C.[Tomcat].[localhost].[/]       : Initializing Spring embedded WebApplicationContext
2025-11-09T12:01:52.732+02:00  INFO 25528 --- [Blog-Management] [main] w.s.c.ServletWebServerApplicationContext : Root WebApplicationContext: initialization completed in 1473 ms
2025-11-09T12:01:52.904+02:00  INFO 25528 --- [Blog-Management] [main] o.hibernate.jpa.internal.util.LogHelper  : HHH000204: Processing PersistenceUnitInfo [name: default]
2025-11-09T12:01:52.940+02:00  INFO 25528 --- [Blog-Management] [main] org.hibernate.Version                    : HHH000412: Hibernate ORM core version 6.6.33.Final
2025-11-09T12:01:52.963+02:00  INFO 25528 --- [Blog-Management] [main] o.h.c.internal.RegionFactoryInitiator    : HHH000026: Second-level cache disabled
2025-11-09T12:01:53.154+02:00  INFO 25528 --- [Blog-Management] [main] o.s.o.j.p.SpringPersistenceUnitInfo      : No LoadTimeWeaver setup: ignoring JPA class transformer
2025-11-09T12:01:53.186+02:00  INFO 25528 --- [Blog-Management] [main] com.zaxxer.hikari.HikariDataSource       : HikariPool-1 - Starting...
2025-11-09T12:01:53.300+02:00  INFO 25528 --- [Blog-Management] [main] com.zaxxer.hikari.pool.HikariPool        : HikariPool-1 - Added connection org.postgresql.jdbc.PgConnection@234ce7ff
2025-11-09T12:01:53.301+02:00  INFO 25528 --- [Blog-Management] [main] com.zaxxer.hikari.HikariDataSource       : HikariPool-1 - Start completed.
2025-11-09T12:01:53.350+02:00  INFO 25528 --- [Blog-Management] [main] org.hibernate.orm.connections.pooling    : HHH10001005: Database info:
	Database JDBC URL [Connecting through datasource 'HikariDataSource (HikariPool-1)']
	Database driver: undefined/unknown
	Database version: 17.5
	Autocommit mode: undefined/unknown
	Isolation level: undefined/unknown
	Minimum pool size: undefined/unknown
	Maximum pool size: undefined/unknown
2025-11-09T12:01:53.951+02:00  INFO 25528 --- [Blog-Management] [main] o.h.e.t.j.p.i.JtaPlatformInitiator       : HHH000489: No JTA platform available (set 'hibernate.transaction.jta.platform' to enable JTA platform integration)
2025-11-09T12:01:54.006+02:00  INFO 25528 --- [Blog-Management] [main] j.LocalContainerEntityManagerFactoryBean : Initialized JPA EntityManagerFactory for persistence unit 'default'
2025-11-09T12:01:54.212+02:00 DEBUG 25528 --- [Blog-Management] [main] o.e.b.Jwt.JwtAuthenticationFilter        : Filter 'jwtAuthenticationFilter' configured for use
2025-11-09T12:01:54.252+02:00  INFO 25528 --- [Blog-Management] [main] r$InitializeUserDetailsManagerConfigurer : Global AuthenticationManager configured with UserDetailsService bean with name customUserDetailsService
2025-11-09T12:01:54.363+02:00  INFO 25528 --- [Blog-Management] [main] org.mongodb.driver.client                : MongoClient with metadata {"driver": {"name": "mongo-java-driver|sync|spring-boot", "version": "5.5.2"}, "os": {"type": "Windows", "name": "Windows 11", "architecture": "amd64", "version": "10.0"}, "platform": "Java/Oracle Corporation/23.0.2+7-58"} created with settings MongoClientSettings{readPreference=primary, writeConcern=WriteConcern{w=null, wTimeout=null ms, journal=null}, retryWrites=true, retryReads=true, readConcern=ReadConcern{level=null}, credential=null, transportSettings=null, commandListeners=[io.micrometer.core.instrument.binder.mongodb.MongoMetricsCommandListener@5aa026e9], codecRegistry=ProvidersCodecRegistry{codecProviders=[ValueCodecProvider{}, BsonValueCodecProvider{}, DBRefCodecProvider{}, DBObjectCodecProvider{}, DocumentCodecProvider{}, CollectionCodecProvider{}, IterableCodecProvider{}, MapCodecProvider{}, GeoJsonCodecProvider{}, GridFSFileCodecProvider{}, Jsr310CodecProvider{}, JsonObjectCodecProvider{}, BsonCodecProvider{}, EnumCodecProvider{}, com.mongodb.client.model.mql.ExpressionCodecProvider@2d2710a8, com.mongodb.Jep395RecordCodecProvider@50b1dfab, com.mongodb.KotlinCodecProvider@5c85ed05]}, loggerSettings=LoggerSettings{maxDocumentLength=1000}, clusterSettings={hosts=[localhost:27017], srvServiceName=mongodb, mode=SINGLE, requiredClusterType=UNKNOWN, requiredReplicaSetName='null', serverSelector='null', clusterListeners='[]', serverSelectionTimeout='30000 ms', localThreshold='15 ms'}, socketSettings=SocketSettings{connectTimeoutMS=10000, readTimeoutMS=0, receiveBufferSize=0, proxySettings=ProxySettings{host=null, port=null, username=null, password=null}}, heartbeatSocketSettings=SocketSettings{connectTimeoutMS=10000, readTimeoutMS=10000, receiveBufferSize=0, proxySettings=ProxySettings{host=null, port=null, username=null, password=null}}, connectionPoolSettings=ConnectionPoolSettings{maxSize=100, minSize=0, maxWaitTimeMS=120000, maxConnectionLifeTimeMS=0, maxConnectionIdleTimeMS=0, maintenanceInitialDelayMS=0, maintenanceFrequencyMS=60000, connectionPoolListeners=[io.micrometer.core.instrument.binder.mongodb.MongoMetricsConnectionPoolListener@54151d07], maxConnecting=2}, serverSettings=ServerSettings{heartbeatFrequencyMS=10000, minHeartbeatFrequencyMS=500, serverMonitoringMode=AUTO, serverListeners='[]', serverMonitorListeners='[]'}, sslSettings=SslSettings{enabled=false, invalidHostNameAllowed=false, context=null}, applicationName='null', compressorList=[], uuidRepresentation=JAVA_LEGACY, serverApi=null, autoEncryptionSettings=null, dnsClient=null, inetAddressResolver=null, contextProvider=null, timeoutMS=null}
2025-11-09T12:01:54.380+02:00  INFO 25528 --- [Blog-Management] [cluster-ClusterId{value='691066924eef4ef494e03ace', description='null'}-localhost:27017] org.mongodb.driver.cluster               : Monitor thread successfully connected to server with description ServerDescription{address=localhost:27017, type=STANDALONE, cryptd=false, state=CONNECTED, ok=true, minWireVersion=0, maxWireVersion=21, maxDocumentSize=16777216, logicalSessionTimeoutMinutes=30, roundTripTimeNanos=24691400, minRoundTripTimeNanos=0}
2025-11-09T12:01:54.591+02:00  WARN 25528 --- [Blog-Management] [main] JpaBaseConfiguration$JpaWebConfiguration : spring.jpa.open-in-view is enabled by default. Therefore, database queries may be performed during view rendering. Explicitly configure spring.jpa.open-in-view to disable this warning
2025-11-09T12:01:54.889+02:00  INFO 25528 --- [Blog-Management] [main] o.s.b.a.e.web.EndpointLinksResolver      : Exposing 7 endpoints beneath base path '/actuator'
2025-11-09T12:01:55.240+02:00  INFO 25528 --- [Blog-Management] [main] o.s.b.w.embedded.tomcat.TomcatWebServer  : Tomcat started on port 8082 (http) with context path '/'
2025-11-09T12:01:55.250+02:00  INFO 25528 --- [Blog-Management] [main] o.e.b.BlogManagementApplication          : Started BlogManagementApplication in 4.403 seconds (process running for 4.877)
2025-11-09T12:01:55.650+02:00  INFO 25528 --- [Blog-Management] [RMI TCP Connection(6)-192.168.1.71] o.a.c.c.C.[Tomcat].[localhost].[/]       : Initializing Spring DispatcherServlet 'dispatcherServlet'
2025-11-09T12:01:55.650+02:00  INFO 25528 --- [Blog-Management] [RMI TCP Connection(6)-192.168.1.71] o.s.web.servlet.DispatcherServlet        : Initializing Servlet 'dispatcherServlet'
2025-11-09T12:01:55.652+02:00  INFO 25528 --- [Blog-Management] [RMI TCP Connection(6)-192.168.1.71] o.s.web.servlet.DispatcherServlet        : Completed initialization in 1 ms
2025-11-09T12:02:01.912+02:00  INFO 25528 --- [Blog-Management] [http-nio-8082-exec-4] o.springdoc.api.AbstractOpenApiResource  : Init duration for springdoc-openapi is: 567 ms
2025-11-09T12:17:14.621+02:00  WARN 25528 --- [Blog-Management] [HikariPool-1:housekeeper] com.zaxxer.hikari.pool.HikariPool        : HikariPool-1 - Thread starvation or clock leap detected (housekeeper delta=2m21s35ms865µs200ns).
